Source Files
../../../Binaries/PulsesSensor_OM15082/obj/app_main.o ../../../PulsesSensor/Source/app_main.c
../../../Binaries/PulsesSensor_OM15082/obj/port_JN518x.o ../../../PulsesSensor/SDK_2_6_4_JN5189DK6/middleware/wireless/zigbee/ZigbeeCommon/Source/port_JN518x.c
../../../Binaries/PulsesSensor_OM15082/obj/pdum_gen.o ../../../PulsesSensor/Source/pdum_gen.c
../../../Binaries/PulsesSensor_OM15082/obj/pdum_apdu.o ../../../PulsesSensor/Source/pdum_apdu.S
../../../Binaries/PulsesSensor_OM15082/obj/zps_gen.o ../../../PulsesSensor/Source/zps_gen.c
../../../Binaries/PulsesSensor_OM15082/obj/app_pdm.o ../../../Common/Source/app_pdm.c
../../../Binaries/PulsesSensor_OM15082/obj/app_reporting.o ../../../PulsesSensor/Source/app_reporting.c
../../../Binaries/PulsesSensor_OM15082/obj/app_start_sensor.o ../../../PulsesSensor/Source/app_start_sensor.c
../../../Binaries/PulsesSensor_OM15082/obj/App_PulsesSensor.o ../../../PulsesSensor/Source/App_PulsesSensor.c
../../../Binaries/PulsesSensor_OM15082/obj/app_zlo_sensor_node.o ../../../PulsesSensor/Source/app_zlo_sensor_node.c
../../../Binaries/PulsesSensor_OM15082/obj/app_zcl_sensor_task.o ../../../PulsesSensor/Source/app_zcl_sensor_task.c
../../../Binaries/PulsesSensor_OM15082/obj/app_pulses_buttons.o ../../../PulsesSensor/Source/app_pulses_buttons.c
../../../Binaries/PulsesSensor_OM15082/obj/app_pulses_sensor_state_machine.o ../../../PulsesSensor/Source/app_pulses_sensor_state_machine.c
../../../Binaries/PulsesSensor_OM15082/obj/app_sleep_handler.o ../../../PulsesSensor/Source/app_sleep_handler.c
../../../Binaries/PulsesSensor_OM15082/obj/app_nwk_event_handler.o ../../../PulsesSensor/Source/app_nwk_event_handler.c
../../../Binaries/PulsesSensor_OM15082/obj/app_event_handler.o ../../../PulsesSensor/Source/app_event_handler.c
../../../Binaries/PulsesSensor_OM15082/obj/board_utility.o ../../../Common/Source/board/board_utility.c
../../../Binaries/PulsesSensor_OM15082/obj/app_pulses_events.o ../../../PulsesSensor/Source/app_pulses_events.c
../../../Binaries/PulsesSensor_OM15082/obj/app_zcl_tick_handler.o ../../../PulsesSensor/Source/app_zcl_tick_handler.c
../../../Binaries/PulsesSensor_OM15082/obj/app_blink_led.o ../../../PulsesSensor/Source/app_blink_led.c
../../../Binaries/PulsesSensor_OM15082/obj/fsl_debug_console.o ../../../PulsesSensor/SDK_2_6_4_JN5189DK6/devices/JN5189/utilities/debug_console/fsl_debug_console.c
../../../Binaries/PulsesSensor_OM15082/obj/fsl_gpio.o ../../../PulsesSensor/SDK_2_6_4_JN5189DK6/devices/JN5189/drivers/fsl_gpio.c
../../../Binaries/PulsesSensor_OM15082/obj/fsl_gint.o ../../../PulsesSensor/SDK_2_6_4_JN5189DK6/devices/JN5189/drivers/fsl_gint.c
../../../Binaries/PulsesSensor_OM15082/obj/hardware_init.o ../../../Common/Source/board/hardware_init.c
../../../Binaries/PulsesSensor_OM15082/obj/pin_mux.o ../../../Common/Source/board/pin_mux.c
../../../Binaries/PulsesSensor_OM15082/obj/temp_sensor_drv.o ../../../Common/Source/board/temp_sensor_drv.c
../../../Binaries/PulsesSensor_OM15082/obj/voltage_drv.o ../../../Common/Source/board/voltage_drv.c
../../../Binaries/PulsesSensor_OM15082/obj/fsl_adc.o ../../../PulsesSensor/SDK_2_6_4_JN5189DK6/devices/JN5189/drivers/fsl_adc.c
../../../Binaries/PulsesSensor_OM15082/obj/ZQueue.o ../../../PulsesSensor/SDK_2_6_4_JN5189DK6/middleware/wireless/zigbee/ZigbeeCommon/Source/ZQueue.c
../../../Binaries/PulsesSensor_OM15082/obj/ZTimer.o ../../../PulsesSensor/SDK_2_6_4_JN5189DK6/middleware/wireless/zigbee/ZigbeeCommon/Source/ZTimer.c
../../../Binaries/PulsesSensor_OM15082/obj/app_zps_link_keys.o ../../../PulsesSensor/SDK_2_6_4_JN5189DK6/middleware/wireless/zigbee/ZigbeeCommon/Source/app_zps_link_keys.c
../../../Binaries/PulsesSensor_OM15082/obj/appZdpExtraction.o ../../../PulsesSensor/SDK_2_6_4_JN5189DK6/middleware/wireless/zigbee/ZigbeeCommon/Source/appZdpExtraction.c
../../../Binaries/PulsesSensor_OM15082/obj/appZpsBeaconHandler.o ../../../PulsesSensor/SDK_2_6_4_JN5189DK6/middleware/wireless/zigbee/ZigbeeCommon/Source/appZpsBeaconHandler.c
../../../Binaries/PulsesSensor_OM15082/obj/appZpsExtendedDebug.o ../../../PulsesSensor/SDK_2_6_4_JN5189DK6/middleware/wireless/zigbee/ZigbeeCommon/Source/appZpsExtendedDebug.c
../../../Binaries/PulsesSensor_OM15082/obj/board.o ../../../Common/Source/board/board.c
../../../Binaries/PulsesSensor_OM15082/obj/clock_config.o ../../../Common/Source/board/clock_config.c
../../../Binaries/PulsesSensor_OM15082/obj/system_JN5189.o ../../../PulsesSensor/SDK_2_6_4_JN5189DK6/devices/JN5189/system_JN5189.c
../../../Binaries/PulsesSensor_OM15082/obj/startup_JN5189.o ../../../PulsesSensor/SDK_2_6_4_JN5189DK6/devices/JN5189/gcc/startup_JN5189.c
../../../Binaries/PulsesSensor_OM15082/obj/fsl_wwdt.o ../../../PulsesSensor/SDK_2_6_4_JN5189DK6/devices/JN5189/drivers/fsl_wwdt.c
../../../Binaries/PulsesSensor_OM15082/obj/fsl_clock.o ../../../PulsesSensor/SDK_2_6_4_JN5189DK6/devices/JN5189/drivers/fsl_clock.c
../../../Binaries/PulsesSensor_OM15082/obj/fsl_reset.o ../../../PulsesSensor/SDK_2_6_4_JN5189DK6/devices/JN5189/drivers/fsl_reset.c
../../../Binaries/PulsesSensor_OM15082/obj/fsl_rng.o ../../../PulsesSensor/SDK_2_6_4_JN5189DK6/devices/JN5189/drivers/fsl_rng.c
../../../Binaries/PulsesSensor_OM15082/obj/fsl_usart.o ../../../PulsesSensor/SDK_2_6_4_JN5189DK6/devices/JN5189/drivers/fsl_usart.c
../../../Binaries/PulsesSensor_OM15082/obj/fsl_flexcomm.o ../../../PulsesSensor/SDK_2_6_4_JN5189DK6/devices/JN5189/drivers/fsl_flexcomm.c
../../../Binaries/PulsesSensor_OM15082/obj/fsl_flash.o ../../../PulsesSensor/SDK_2_6_4_JN5189DK6/devices/JN5189/drivers/fsl_flash.c
../../../Binaries/PulsesSensor_OM15082/obj/fsl_common.o ../../../PulsesSensor/SDK_2_6_4_JN5189DK6/devices/JN5189/drivers/fsl_common.c
../../../Binaries/PulsesSensor_OM15082/obj/fsl_aes.o ../../../PulsesSensor/SDK_2_6_4_JN5189DK6/devices/JN5189/drivers/fsl_aes.c
../../../Binaries/PulsesSensor_OM15082/obj/fsl_power.o ../../../PulsesSensor/SDK_2_6_4_JN5189DK6/devices/JN5189/drivers/fsl_power.c
../../../Binaries/PulsesSensor_OM15082/obj/fsl_wtimer.o ../../../PulsesSensor/SDK_2_6_4_JN5189DK6/devices/JN5189/drivers/fsl_wtimer.c
../../../Binaries/PulsesSensor_OM15082/obj/fsl_inputmux.o ../../../PulsesSensor/SDK_2_6_4_JN5189DK6/devices/JN5189/drivers/fsl_inputmux.c
../../../Binaries/PulsesSensor_OM15082/obj/fsl_fmeas.o ../../../PulsesSensor/SDK_2_6_4_JN5189DK6/devices/JN5189/drivers/fsl_fmeas.c
../../../Binaries/PulsesSensor_OM15082/obj/Exceptions_NVIC.o ../../../PulsesSensor/SDK_2_6_4_JN5189DK6/middleware/wireless/framework/DebugExceptionHandlers_jn518x/src/Exceptions_NVIC.c
../../../Binaries/PulsesSensor_OM15082/obj/MicroExceptions_arm.o ../../../PulsesSensor/SDK_2_6_4_JN5189DK6/middleware/wireless/framework/DebugExceptionHandlers_jn518x/src/MicroExceptions_arm.c
../../../Binaries/PulsesSensor_OM15082/obj/Debug.o ../../../PulsesSensor/SDK_2_6_4_JN5189DK6/middleware/wireless/framework/DebugFifo/Source/Debug.c
../../../Binaries/PulsesSensor_OM15082/obj/FunctionLib.o ../../../PulsesSensor/SDK_2_6_4_JN5189DK6/middleware/wireless/framework/FunctionLib/FunctionLib.c
../../../Binaries/PulsesSensor_OM15082/obj/SecLib.o ../../../PulsesSensor/SDK_2_6_4_JN5189DK6/middleware/wireless/framework/SecLib/SecLib.c
../../../Binaries/PulsesSensor_OM15082/obj/RNG.o ../../../PulsesSensor/SDK_2_6_4_JN5189DK6/middleware/wireless/framework/RNG/Source/RNG.c
../../../Binaries/PulsesSensor_OM15082/obj/GenericList.o ../../../PulsesSensor/SDK_2_6_4_JN5189DK6/middleware/wireless/framework/Lists/GenericList.c
../../../Binaries/PulsesSensor_OM15082/obj/Messaging.o ../../../PulsesSensor/SDK_2_6_4_JN5189DK6/middleware/wireless/framework/Messaging/Source/Messaging.c
../../../Binaries/PulsesSensor_OM15082/obj/MemManager.o ../../../PulsesSensor/SDK_2_6_4_JN5189DK6/middleware/wireless/framework/MemManager/Source/MemManager.c
../../../Binaries/PulsesSensor_OM15082/obj/TimersManager.o ../../../PulsesSensor/SDK_2_6_4_JN5189DK6/middleware/wireless/framework/TimersManager/Source/TimersManager.c
../../../Binaries/PulsesSensor_OM15082/obj/TMR_Adapter.o ../../../PulsesSensor/SDK_2_6_4_JN5189DK6/middleware/wireless/framework/TimersManager/Source/TMR_Adapter.c
../../../Binaries/PulsesSensor_OM15082/obj/fsl_ctimer.o ../../../PulsesSensor/SDK_2_6_4_JN5189DK6/devices/JN5189/drivers/fsl_ctimer.c
../../../Binaries/PulsesSensor_OM15082/obj/fsl_rtc.o ../../../PulsesSensor/SDK_2_6_4_JN5189DK6/devices/JN5189/drivers/fsl_rtc.c
../../../Binaries/PulsesSensor_OM15082/obj/Panic.o ../../../PulsesSensor/SDK_2_6_4_JN5189DK6/middleware/wireless/framework/Panic/Source/Panic.c
../../../Binaries/PulsesSensor_OM15082/obj/fsl_dma.o ../../../PulsesSensor/SDK_2_6_4_JN5189DK6/devices/JN5189/drivers/fsl_dma.c
../../../Binaries/PulsesSensor_OM15082/obj/MicroInt_arm_sdk2.o ../../../PulsesSensor/SDK_2_6_4_JN5189DK6/middleware/wireless/framework/Common/MicroInt_arm_sdk2.c
../../../Binaries/PulsesSensor_OM15082/obj/PWR.o ../../../PulsesSensor/SDK_2_6_4_JN5189DK6/middleware/wireless/framework/LowPower/Source/jn5189dk6/PWR.c
../../../Binaries/PulsesSensor_OM15082/obj/PWR_setjmp.o ../../../PulsesSensor/SDK_2_6_4_JN5189DK6/middleware/wireless/framework/LowPower/Source/jn5189dk6/PWR_setjmp.S
../../../Binaries/PulsesSensor_OM15082/obj/PWRLib.o ../../../PulsesSensor/SDK_2_6_4_JN5189DK6/middleware/wireless/framework/LowPower/Source/jn5189dk6/PWRLib.c
../../../Binaries/PulsesSensor_OM15082/obj/GPIO_Adapter.o ../../../PulsesSensor/SDK_2_6_4_JN5189DK6/middleware/wireless/framework/GPIO/GPIO_Adapter.c
../../../Binaries/PulsesSensor_OM15082/obj/fsl_str.o ../../../PulsesSensor/SDK_2_6_4_JN5189DK6/devices/JN5189/utilities/str/fsl_str.c
../../../Binaries/PulsesSensor_OM15082/obj/serial_manager.o ../../../PulsesSensor/SDK_2_6_4_JN5189DK6/components/serial_manager/serial_manager.c
../../../Binaries/PulsesSensor_OM15082/obj/serial_port_uart.o ../../../PulsesSensor/SDK_2_6_4_JN5189DK6/components/serial_manager/serial_port_uart.c
../../../Binaries/PulsesSensor_OM15082/obj/usart_adapter.o ../../../PulsesSensor/SDK_2_6_4_JN5189DK6/components/uart/usart_adapter.c
../../../Binaries/PulsesSensor_OM15082/obj/fsl_assert.o ../../../PulsesSensor/SDK_2_6_4_JN5189DK6/devices/JN5189/utilities/fsl_assert.c
../../../Binaries/PulsesSensor_OM15082/obj/Heap.o ../../../PulsesSensor/SDK_2_6_4_JN5189DK6/middleware/wireless/framework/Common/Heap.c
../../../Binaries/PulsesSensor_OM15082/obj/fsl_os_abstraction_bm.o ../../../PulsesSensor/SDK_2_6_4_JN5189DK6/middleware/wireless/framework/OSAbstraction/Source/fsl_os_abstraction_bm.c
../../../Binaries/PulsesSensor_OM15082/obj/Alarms.o ../../../PulsesSensor/SDK_2_6_4_JN5189DK6/middleware/wireless/zigbee/ZCL/Clusters/General/Source/Alarms.c
../../../Binaries/PulsesSensor_OM15082/obj/AlarmsClientCommands.o ../../../PulsesSensor/SDK_2_6_4_JN5189DK6/middleware/wireless/zigbee/ZCL/Clusters/General/Source/AlarmsClientCommands.c
../../../Binaries/PulsesSensor_OM15082/obj/AlarmsCommandHandler.o ../../../PulsesSensor/SDK_2_6_4_JN5189DK6/middleware/wireless/zigbee/ZCL/Clusters/General/Source/AlarmsCommandHandler.c
../../../Binaries/PulsesSensor_OM15082/obj/AlarmsServerCommands.o ../../../PulsesSensor/SDK_2_6_4_JN5189DK6/middleware/wireless/zigbee/ZCL/Clusters/General/Source/AlarmsServerCommands.c
../../../Binaries/PulsesSensor_OM15082/obj/AlarmsTableManager.o ../../../PulsesSensor/SDK_2_6_4_JN5189DK6/middleware/wireless/zigbee/ZCL/Clusters/General/Source/AlarmsTableManager.c
../../../Binaries/PulsesSensor_OM15082/obj/AnalogInputBasic.o ../../../PulsesSensor/SDK_2_6_4_JN5189DK6/middleware/wireless/zigbee/ZCL/Clusters/General/Source/AnalogInputBasic.c
../../../Binaries/PulsesSensor_OM15082/obj/AnalogOutputBasic.o ../../../PulsesSensor/SDK_2_6_4_JN5189DK6/middleware/wireless/zigbee/ZCL/Clusters/General/Source/AnalogOutputBasic.c
../../../Binaries/PulsesSensor_OM15082/obj/Basic.o ../../../PulsesSensor/SDK_2_6_4_JN5189DK6/middleware/wireless/zigbee/ZCL/Clusters/General/Source/Basic.c
../../../Binaries/PulsesSensor_OM15082/obj/BasicClientCommands.o ../../../PulsesSensor/SDK_2_6_4_JN5189DK6/middleware/wireless/zigbee/ZCL/Clusters/General/Source/BasicClientCommands.c
../../../Binaries/PulsesSensor_OM15082/obj/BasicCommandHandler.o ../../../PulsesSensor/SDK_2_6_4_JN5189DK6/middleware/wireless/zigbee/ZCL/Clusters/General/Source/BasicCommandHandler.c
../../../Binaries/PulsesSensor_OM15082/obj/BinaryInputBasic.o ../../../PulsesSensor/SDK_2_6_4_JN5189DK6/middleware/wireless/zigbee/ZCL/Clusters/General/Source/BinaryInputBasic.c
../../../Binaries/PulsesSensor_OM15082/obj/BinaryOutputBasic.o ../../../PulsesSensor/SDK_2_6_4_JN5189DK6/middleware/wireless/zigbee/ZCL/Clusters/General/Source/BinaryOutputBasic.c
../../../Binaries/PulsesSensor_OM15082/obj/DeviceTemperatureConfiguration.o ../../../PulsesSensor/SDK_2_6_4_JN5189DK6/middleware/wireless/zigbee/ZCL/Clusters/General/Source/DeviceTemperatureConfiguration.c
../../../Binaries/PulsesSensor_OM15082/obj/Diagnostics.o ../../../PulsesSensor/SDK_2_6_4_JN5189DK6/middleware/wireless/zigbee/ZCL/Clusters/General/Source/Diagnostics.c
../../../Binaries/PulsesSensor_OM15082/obj/Groups.o ../../../PulsesSensor/SDK_2_6_4_JN5189DK6/middleware/wireless/zigbee/ZCL/Clusters/General/Source/Groups.c
../../../Binaries/PulsesSensor_OM15082/obj/GroupsClientCommands.o ../../../PulsesSensor/SDK_2_6_4_JN5189DK6/middleware/wireless/zigbee/ZCL/Clusters/General/Source/GroupsClientCommands.c
../../../Binaries/PulsesSensor_OM15082/obj/GroupsCommandHandler.o ../../../PulsesSensor/SDK_2_6_4_JN5189DK6/middleware/wireless/zigbee/ZCL/Clusters/General/Source/GroupsCommandHandler.c
../../../Binaries/PulsesSensor_OM15082/obj/GroupsServerCommands.o ../../../PulsesSensor/SDK_2_6_4_JN5189DK6/middleware/wireless/zigbee/ZCL/Clusters/General/Source/GroupsServerCommands.c
../../../Binaries/PulsesSensor_OM15082/obj/GroupsTableManager.o ../../../PulsesSensor/SDK_2_6_4_JN5189DK6/middleware/wireless/zigbee/ZCL/Clusters/General/Source/GroupsTableManager.c
../../../Binaries/PulsesSensor_OM15082/obj/Identify.o ../../../PulsesSensor/SDK_2_6_4_JN5189DK6/middleware/wireless/zigbee/ZCL/Clusters/General/Source/Identify.c
../../../Binaries/PulsesSensor_OM15082/obj/IdentifyClientCommands.o ../../../PulsesSensor/SDK_2_6_4_JN5189DK6/middleware/wireless/zigbee/ZCL/Clusters/General/Source/IdentifyClientCommands.c
../../../Binaries/PulsesSensor_OM15082/obj/IdentifyCommandHandler.o ../../../PulsesSensor/SDK_2_6_4_JN5189DK6/middleware/wireless/zigbee/ZCL/Clusters/General/Source/IdentifyCommandHandler.c
../../../Binaries/PulsesSensor_OM15082/obj/IdentifyServerCommands.o ../../../PulsesSensor/SDK_2_6_4_JN5189DK6/middleware/wireless/zigbee/ZCL/Clusters/General/Source/IdentifyServerCommands.c
../../../Binaries/PulsesSensor_OM15082/obj/LevelControl.o ../../../PulsesSensor/SDK_2_6_4_JN5189DK6/middleware/wireless/zigbee/ZCL/Clusters/General/Source/LevelControl.c
../../../Binaries/PulsesSensor_OM15082/obj/LevelControlClientCommands.o ../../../PulsesSensor/SDK_2_6_4_JN5189DK6/middleware/wireless/zigbee/ZCL/Clusters/General/Source/LevelControlClientCommands.c
../../../Binaries/PulsesSensor_OM15082/obj/LevelControlCommandHandler.o ../../../PulsesSensor/SDK_2_6_4_JN5189DK6/middleware/wireless/zigbee/ZCL/Clusters/General/Source/LevelControlCommandHandler.c
../../../Binaries/PulsesSensor_OM15082/obj/MultistateInputBasic.o ../../../PulsesSensor/SDK_2_6_4_JN5189DK6/middleware/wireless/zigbee/ZCL/Clusters/General/Source/MultistateInputBasic.c
../../../Binaries/PulsesSensor_OM15082/obj/MultistateOutputBasic.o ../../../PulsesSensor/SDK_2_6_4_JN5189DK6/middleware/wireless/zigbee/ZCL/Clusters/General/Source/MultistateOutputBasic.c
../../../Binaries/PulsesSensor_OM15082/obj/OOSC.o ../../../PulsesSensor/SDK_2_6_4_JN5189DK6/middleware/wireless/zigbee/ZCL/Clusters/General/Source/OOSC.c
../../../Binaries/PulsesSensor_OM15082/obj/OnOff.o ../../../PulsesSensor/SDK_2_6_4_JN5189DK6/middleware/wireless/zigbee/ZCL/Clusters/General/Source/OnOff.c
../../../Binaries/PulsesSensor_OM15082/obj/OnOffCommandHandler.o ../../../PulsesSensor/SDK_2_6_4_JN5189DK6/middleware/wireless/zigbee/ZCL/Clusters/General/Source/OnOffCommandHandler.c
../../../Binaries/PulsesSensor_OM15082/obj/OnOffCommands.o ../../../PulsesSensor/SDK_2_6_4_JN5189DK6/middleware/wireless/zigbee/ZCL/Clusters/General/Source/OnOffCommands.c
../../../Binaries/PulsesSensor_OM15082/obj/PollControl.o ../../../PulsesSensor/SDK_2_6_4_JN5189DK6/middleware/wireless/zigbee/ZCL/Clusters/General/Source/PollControl.c
../../../Binaries/PulsesSensor_OM15082/obj/PollControlClientCommands.o ../../../PulsesSensor/SDK_2_6_4_JN5189DK6/middleware/wireless/zigbee/ZCL/Clusters/General/Source/PollControlClientCommands.c
../../../Binaries/PulsesSensor_OM15082/obj/PollControlCommandHandler.o ../../../PulsesSensor/SDK_2_6_4_JN5189DK6/middleware/wireless/zigbee/ZCL/Clusters/General/Source/PollControlCommandHandler.c
../../../Binaries/PulsesSensor_OM15082/obj/PollControlServerCommands.o ../../../PulsesSensor/SDK_2_6_4_JN5189DK6/middleware/wireless/zigbee/ZCL/Clusters/General/Source/PollControlServerCommands.c
../../../Binaries/PulsesSensor_OM15082/obj/PowerConfiguration.o ../../../PulsesSensor/SDK_2_6_4_JN5189DK6/middleware/wireless/zigbee/ZCL/Clusters/General/Source/PowerConfiguration.c
../../../Binaries/PulsesSensor_OM15082/obj/PowerProfile.o ../../../PulsesSensor/SDK_2_6_4_JN5189DK6/middleware/wireless/zigbee/ZCL/Clusters/General/Source/PowerProfile.c
../../../Binaries/PulsesSensor_OM15082/obj/PowerProfileClientCommands.o ../../../PulsesSensor/SDK_2_6_4_JN5189DK6/middleware/wireless/zigbee/ZCL/Clusters/General/Source/PowerProfileClientCommands.c
../../../Binaries/PulsesSensor_OM15082/obj/PowerProfileCommandHandler.o ../../../PulsesSensor/SDK_2_6_4_JN5189DK6/middleware/wireless/zigbee/ZCL/Clusters/General/Source/PowerProfileCommandHandler.c
../../../Binaries/PulsesSensor_OM15082/obj/PowerProfileServerCommands.o ../../../PulsesSensor/SDK_2_6_4_JN5189DK6/middleware/wireless/zigbee/ZCL/Clusters/General/Source/PowerProfileServerCommands.c
../../../Binaries/PulsesSensor_OM15082/obj/Scenes.o ../../../PulsesSensor/SDK_2_6_4_JN5189DK6/middleware/wireless/zigbee/ZCL/Clusters/General/Source/Scenes.c
../../../Binaries/PulsesSensor_OM15082/obj/ScenesClientCommands.o ../../../PulsesSensor/SDK_2_6_4_JN5189DK6/middleware/wireless/zigbee/ZCL/Clusters/General/Source/ScenesClientCommands.c
../../../Binaries/PulsesSensor_OM15082/obj/ScenesClusterManagement.o ../../../PulsesSensor/SDK_2_6_4_JN5189DK6/middleware/wireless/zigbee/ZCL/Clusters/General/Source/ScenesClusterManagement.c
../../../Binaries/PulsesSensor_OM15082/obj/ScenesCommandHandler.o ../../../PulsesSensor/SDK_2_6_4_JN5189DK6/middleware/wireless/zigbee/ZCL/Clusters/General/Source/ScenesCommandHandler.c
../../../Binaries/PulsesSensor_OM15082/obj/ScenesServerCommands.o ../../../PulsesSensor/SDK_2_6_4_JN5189DK6/middleware/wireless/zigbee/ZCL/Clusters/General/Source/ScenesServerCommands.c
../../../Binaries/PulsesSensor_OM15082/obj/ScenesTableManager.o ../../../PulsesSensor/SDK_2_6_4_JN5189DK6/middleware/wireless/zigbee/ZCL/Clusters/General/Source/ScenesTableManager.c
../../../Binaries/PulsesSensor_OM15082/obj/TC.o ../../../PulsesSensor/SDK_2_6_4_JN5189DK6/middleware/wireless/zigbee/ZCL/Clusters/General/Source/TC.c
../../../Binaries/PulsesSensor_OM15082/obj/Time.o ../../../PulsesSensor/SDK_2_6_4_JN5189DK6/middleware/wireless/zigbee/ZCL/Clusters/General/Source/Time.c
../../../Binaries/PulsesSensor_OM15082/obj/WWAH.o ../../../PulsesSensor/SDK_2_6_4_JN5189DK6/middleware/wireless/zigbee/ZCL/Clusters/General/Source/WWAH.c
../../../Binaries/PulsesSensor_OM15082/obj/WWAHClientCommands.o ../../../PulsesSensor/SDK_2_6_4_JN5189DK6/middleware/wireless/zigbee/ZCL/Clusters/General/Source/WWAHClientCommands.c
../../../Binaries/PulsesSensor_OM15082/obj/WWAHCommandHandler.o ../../../PulsesSensor/SDK_2_6_4_JN5189DK6/middleware/wireless/zigbee/ZCL/Clusters/General/Source/WWAHCommandHandler.c
../../../Binaries/PulsesSensor_OM15082/obj/WWAHServerCommands.o ../../../PulsesSensor/SDK_2_6_4_JN5189DK6/middleware/wireless/zigbee/ZCL/Clusters/General/Source/WWAHServerCommands.c
../../../Binaries/PulsesSensor_OM15082/obj/base_device.o ../../../PulsesSensor/SDK_2_6_4_JN5189DK6/middleware/wireless/zigbee/ZCL/Devices/ZHA/Generic/Source/base_device.c
../../../Binaries/PulsesSensor_OM15082/obj/mains_power_outlet.o ../../../PulsesSensor/SDK_2_6_4_JN5189DK6/middleware/wireless/zigbee/ZCL/Devices/ZHA/Generic/Source/mains_power_outlet.c
../../../Binaries/PulsesSensor_OM15082/obj/on_off_output.o ../../../PulsesSensor/SDK_2_6_4_JN5189DK6/middleware/wireless/zigbee/ZCL/Devices/ZHA/Generic/Source/on_off_output.c
../../../Binaries/PulsesSensor_OM15082/obj/plug_control.o ../../../PulsesSensor/SDK_2_6_4_JN5189DK6/middleware/wireless/zigbee/ZCL/Devices/ZHA/Generic/Source/plug_control.c
../../../Binaries/PulsesSensor_OM15082/obj/remote_control.o ../../../PulsesSensor/SDK_2_6_4_JN5189DK6/middleware/wireless/zigbee/ZCL/Devices/ZHA/Generic/Source/remote_control.c
../../../Binaries/PulsesSensor_OM15082/obj/simple_sensor.o ../../../PulsesSensor/SDK_2_6_4_JN5189DK6/middleware/wireless/zigbee/ZCL/Devices/ZHA/Generic/Source/simple_sensor.c
../../../Binaries/PulsesSensor_OM15082/obj/ConcentrationMeasurement.o ../../../PulsesSensor/SDK_2_6_4_JN5189DK6/middleware/wireless/zigbee/ZCL/Clusters/MeasurementAndSensing/Source/ConcentrationMeasurement.c
../../../Binaries/PulsesSensor_OM15082/obj/ElectricalMeasurement.o ../../../PulsesSensor/SDK_2_6_4_JN5189DK6/middleware/wireless/zigbee/ZCL/Clusters/MeasurementAndSensing/Source/ElectricalMeasurement.c
../../../Binaries/PulsesSensor_OM15082/obj/FlowMeasurement.o ../../../PulsesSensor/SDK_2_6_4_JN5189DK6/middleware/wireless/zigbee/ZCL/Clusters/MeasurementAndSensing/Source/FlowMeasurement.c
../../../Binaries/PulsesSensor_OM15082/obj/IlluminanceLevelSensing.o ../../../PulsesSensor/SDK_2_6_4_JN5189DK6/middleware/wireless/zigbee/ZCL/Clusters/MeasurementAndSensing/Source/IlluminanceLevelSensing.c
../../../Binaries/PulsesSensor_OM15082/obj/IlluminanceMeasurement.o ../../../PulsesSensor/SDK_2_6_4_JN5189DK6/middleware/wireless/zigbee/ZCL/Clusters/MeasurementAndSensing/Source/IlluminanceMeasurement.c
../../../Binaries/PulsesSensor_OM15082/obj/OccupancySensing.o ../../../PulsesSensor/SDK_2_6_4_JN5189DK6/middleware/wireless/zigbee/ZCL/Clusters/MeasurementAndSensing/Source/OccupancySensing.c
../../../Binaries/PulsesSensor_OM15082/obj/PressureMeasurement.o ../../../PulsesSensor/SDK_2_6_4_JN5189DK6/middleware/wireless/zigbee/ZCL/Clusters/MeasurementAndSensing/Source/PressureMeasurement.c
../../../Binaries/PulsesSensor_OM15082/obj/RelativeHumidityMeasurement.o ../../../PulsesSensor/SDK_2_6_4_JN5189DK6/middleware/wireless/zigbee/ZCL/Clusters/MeasurementAndSensing/Source/RelativeHumidityMeasurement.c
../../../Binaries/PulsesSensor_OM15082/obj/TemperatureMeasurement.o ../../../PulsesSensor/SDK_2_6_4_JN5189DK6/middleware/wireless/zigbee/ZCL/Clusters/MeasurementAndSensing/Source/TemperatureMeasurement.c
../../../Binaries/PulsesSensor_OM15082/obj/BallastConfiguration.o ../../../PulsesSensor/SDK_2_6_4_JN5189DK6/middleware/wireless/zigbee/ZCL/Clusters/Lighting/Source/BallastConfiguration.c
../../../Binaries/PulsesSensor_OM15082/obj/ColourControl.o ../../../PulsesSensor/SDK_2_6_4_JN5189DK6/middleware/wireless/zigbee/ZCL/Clusters/Lighting/Source/ColourControl.c
../../../Binaries/PulsesSensor_OM15082/obj/ColourControlClientCommands.o ../../../PulsesSensor/SDK_2_6_4_JN5189DK6/middleware/wireless/zigbee/ZCL/Clusters/Lighting/Source/ColourControlClientCommands.c
../../../Binaries/PulsesSensor_OM15082/obj/ColourControlCommandHandler.o ../../../PulsesSensor/SDK_2_6_4_JN5189DK6/middleware/wireless/zigbee/ZCL/Clusters/Lighting/Source/ColourControlCommandHandler.c
../../../Binaries/PulsesSensor_OM15082/obj/ColourControlConversions.o ../../../PulsesSensor/SDK_2_6_4_JN5189DK6/middleware/wireless/zigbee/ZCL/Clusters/Lighting/Source/ColourControlConversions.c
../../../Binaries/PulsesSensor_OM15082/obj/colour_controller.o ../../../PulsesSensor/SDK_2_6_4_JN5189DK6/middleware/wireless/zigbee/ZCL/Devices/ZLO/Source/colour_controller.c
../../../Binaries/PulsesSensor_OM15082/obj/colour_dimmable_light.o ../../../PulsesSensor/SDK_2_6_4_JN5189DK6/middleware/wireless/zigbee/ZCL/Devices/ZLO/Source/colour_dimmable_light.c
../../../Binaries/PulsesSensor_OM15082/obj/colour_dimmer_switch.o ../../../PulsesSensor/SDK_2_6_4_JN5189DK6/middleware/wireless/zigbee/ZCL/Devices/ZLO/Source/colour_dimmer_switch.c
../../../Binaries/PulsesSensor_OM15082/obj/colour_scene_controller.o ../../../PulsesSensor/SDK_2_6_4_JN5189DK6/middleware/wireless/zigbee/ZCL/Devices/ZLO/Source/colour_scene_controller.c
../../../Binaries/PulsesSensor_OM15082/obj/colour_temperature_light.o ../../../PulsesSensor/SDK_2_6_4_JN5189DK6/middleware/wireless/zigbee/ZCL/Devices/ZLO/Source/colour_temperature_light.c
../../../Binaries/PulsesSensor_OM15082/obj/commission_endpoint.o ../../../PulsesSensor/SDK_2_6_4_JN5189DK6/middleware/wireless/zigbee/ZCL/Devices/ZLO/Source/commission_endpoint.c
../../../Binaries/PulsesSensor_OM15082/obj/control_bridge.o ../../../PulsesSensor/SDK_2_6_4_JN5189DK6/middleware/wireless/zigbee/ZCL/Devices/ZLO/Source/control_bridge.c
../../../Binaries/PulsesSensor_OM15082/obj/dimmable_ballast.o ../../../PulsesSensor/SDK_2_6_4_JN5189DK6/middleware/wireless/zigbee/ZCL/Devices/ZLO/Source/dimmable_ballast.c
../../../Binaries/PulsesSensor_OM15082/obj/dimmable_light.o ../../../PulsesSensor/SDK_2_6_4_JN5189DK6/middleware/wireless/zigbee/ZCL/Devices/ZLO/Source/dimmable_light.c
../../../Binaries/PulsesSensor_OM15082/obj/dimmable_plug.o ../../../PulsesSensor/SDK_2_6_4_JN5189DK6/middleware/wireless/zigbee/ZCL/Devices/ZLO/Source/dimmable_plug.c
../../../Binaries/PulsesSensor_OM15082/obj/dimmer_switch.o ../../../PulsesSensor/SDK_2_6_4_JN5189DK6/middleware/wireless/zigbee/ZCL/Devices/ZLO/Source/dimmer_switch.c
../../../Binaries/PulsesSensor_OM15082/obj/extended_colour_light.o ../../../PulsesSensor/SDK_2_6_4_JN5189DK6/middleware/wireless/zigbee/ZCL/Devices/ZLO/Source/extended_colour_light.c
../../../Binaries/PulsesSensor_OM15082/obj/light_level_sensor.o ../../../PulsesSensor/SDK_2_6_4_JN5189DK6/middleware/wireless/zigbee/ZCL/Devices/ZLO/Source/light_level_sensor.c
../../../Binaries/PulsesSensor_OM15082/obj/light_sensor.o ../../../PulsesSensor/SDK_2_6_4_JN5189DK6/middleware/wireless/zigbee/ZCL/Devices/ZLO/Source/light_sensor.c
../../../Binaries/PulsesSensor_OM15082/obj/non_colour_controller.o ../../../PulsesSensor/SDK_2_6_4_JN5189DK6/middleware/wireless/zigbee/ZCL/Devices/ZLO/Source/non_colour_controller.c
../../../Binaries/PulsesSensor_OM15082/obj/non_colour_scene_controller.o ../../../PulsesSensor/SDK_2_6_4_JN5189DK6/middleware/wireless/zigbee/ZCL/Devices/ZLO/Source/non_colour_scene_controller.c
../../../Binaries/PulsesSensor_OM15082/obj/occupancy_sensor.o ../../../PulsesSensor/SDK_2_6_4_JN5189DK6/middleware/wireless/zigbee/ZCL/Devices/ZLO/Source/occupancy_sensor.c
../../../Binaries/PulsesSensor_OM15082/obj/on_off_ballast.o ../../../PulsesSensor/SDK_2_6_4_JN5189DK6/middleware/wireless/zigbee/ZCL/Devices/ZLO/Source/on_off_ballast.c
../../../Binaries/PulsesSensor_OM15082/obj/on_off_light.o ../../../PulsesSensor/SDK_2_6_4_JN5189DK6/middleware/wireless/zigbee/ZCL/Devices/ZLO/Source/on_off_light.c
../../../Binaries/PulsesSensor_OM15082/obj/on_off_light_switch.o ../../../PulsesSensor/SDK_2_6_4_JN5189DK6/middleware/wireless/zigbee/ZCL/Devices/ZLO/Source/on_off_light_switch.c
../../../Binaries/PulsesSensor_OM15082/obj/on_off_plug.o ../../../PulsesSensor/SDK_2_6_4_JN5189DK6/middleware/wireless/zigbee/ZCL/Devices/ZLO/Source/on_off_plug.c
../../../Binaries/PulsesSensor_OM15082/obj/on_off_sensor.o ../../../PulsesSensor/SDK_2_6_4_JN5189DK6/middleware/wireless/zigbee/ZCL/Devices/ZLO/Source/on_off_sensor.c
../../../Binaries/PulsesSensor_OM15082/obj/DRLC.o ../../../PulsesSensor/SDK_2_6_4_JN5189DK6/middleware/wireless/zigbee/ZCL/Clusters/SmartEnergy/Source/DRLC.c
../../../Binaries/PulsesSensor_OM15082/obj/DRLCCommandCanceAlllLoadControlEvents.o ../../../PulsesSensor/SDK_2_6_4_JN5189DK6/middleware/wireless/zigbee/ZCL/Clusters/SmartEnergy/Source/DRLCCommandCanceAlllLoadControlEvents.c
../../../Binaries/PulsesSensor_OM15082/obj/DRLCCommandCancelLoadControlEvent.o ../../../PulsesSensor/SDK_2_6_4_JN5189DK6/middleware/wireless/zigbee/ZCL/Clusters/SmartEnergy/Source/DRLCCommandCancelLoadControlEvent.c
../../../Binaries/PulsesSensor_OM15082/obj/DRLCCommandGetScheduledEvents.o ../../../PulsesSensor/SDK_2_6_4_JN5189DK6/middleware/wireless/zigbee/ZCL/Clusters/SmartEnergy/Source/DRLCCommandGetScheduledEvents.c
../../../Binaries/PulsesSensor_OM15082/obj/DRLCCommandHandler.o ../../../PulsesSensor/SDK_2_6_4_JN5189DK6/middleware/wireless/zigbee/ZCL/Clusters/SmartEnergy/Source/DRLCCommandHandler.c
../../../Binaries/PulsesSensor_OM15082/obj/DRLCCommandLoadControlEvent.o ../../../PulsesSensor/SDK_2_6_4_JN5189DK6/middleware/wireless/zigbee/ZCL/Clusters/SmartEnergy/Source/DRLCCommandLoadControlEvent.c
../../../Binaries/PulsesSensor_OM15082/obj/DRLCCommandReportEventStatus.o ../../../PulsesSensor/SDK_2_6_4_JN5189DK6/middleware/wireless/zigbee/ZCL/Clusters/SmartEnergy/Source/DRLCCommandReportEventStatus.c
../../../Binaries/PulsesSensor_OM15082/obj/DRLCCustomCommandResponsesClient.o ../../../PulsesSensor/SDK_2_6_4_JN5189DK6/middleware/wireless/zigbee/ZCL/Clusters/SmartEnergy/Source/DRLCCustomCommandResponsesClient.c
../../../Binaries/PulsesSensor_OM15082/obj/DRLCCustomCommandResponsesServer.o ../../../PulsesSensor/SDK_2_6_4_JN5189DK6/middleware/wireless/zigbee/ZCL/Clusters/SmartEnergy/Source/DRLCCustomCommandResponsesServer.c
../../../Binaries/PulsesSensor_OM15082/obj/DRLCEffectiveTime.o ../../../PulsesSensor/SDK_2_6_4_JN5189DK6/middleware/wireless/zigbee/ZCL/Clusters/SmartEnergy/Source/DRLCEffectiveTime.c
../../../Binaries/PulsesSensor_OM15082/obj/DRLCScheduler.o ../../../PulsesSensor/SDK_2_6_4_JN5189DK6/middleware/wireless/zigbee/ZCL/Clusters/SmartEnergy/Source/DRLCScheduler.c
../../../Binaries/PulsesSensor_OM15082/obj/DRLCTableManagerNoMutex.o ../../../PulsesSensor/SDK_2_6_4_JN5189DK6/middleware/wireless/zigbee/ZCL/Clusters/SmartEnergy/Source/DRLCTableManagerNoMutex.c
../../../Binaries/PulsesSensor_OM15082/obj/DRLCTableManagerServer.o ../../../PulsesSensor/SDK_2_6_4_JN5189DK6/middleware/wireless/zigbee/ZCL/Clusters/SmartEnergy/Source/DRLCTableManagerServer.c
../../../Binaries/PulsesSensor_OM15082/obj/DRLCUserEventOptInOut.o ../../../PulsesSensor/SDK_2_6_4_JN5189DK6/middleware/wireless/zigbee/ZCL/Clusters/SmartEnergy/Source/DRLCUserEventOptInOut.c
../../../Binaries/PulsesSensor_OM15082/obj/Price.o ../../../PulsesSensor/SDK_2_6_4_JN5189DK6/middleware/wireless/zigbee/ZCL/Clusters/SmartEnergy/Source/Price.c
../../../Binaries/PulsesSensor_OM15082/obj/PriceBlockPeriodTableManager.o ../../../PulsesSensor/SDK_2_6_4_JN5189DK6/middleware/wireless/zigbee/ZCL/Clusters/SmartEnergy/Source/PriceBlockPeriodTableManager.c
../../../Binaries/PulsesSensor_OM15082/obj/PriceCalorificValueTableManager.o ../../../PulsesSensor/SDK_2_6_4_JN5189DK6/middleware/wireless/zigbee/ZCL/Clusters/SmartEnergy/Source/PriceCalorificValueTableManager.c
../../../Binaries/PulsesSensor_OM15082/obj/PriceCommandGetBlockPeriod.o ../../../PulsesSensor/SDK_2_6_4_JN5189DK6/middleware/wireless/zigbee/ZCL/Clusters/SmartEnergy/Source/PriceCommandGetBlockPeriod.c
../../../Binaries/PulsesSensor_OM15082/obj/PriceCommandGetCalorificValue.o ../../../PulsesSensor/SDK_2_6_4_JN5189DK6/middleware/wireless/zigbee/ZCL/Clusters/SmartEnergy/Source/PriceCommandGetCalorificValue.c
../../../Binaries/PulsesSensor_OM15082/obj/PriceCommandGetConversionFactor.o ../../../PulsesSensor/SDK_2_6_4_JN5189DK6/middleware/wireless/zigbee/ZCL/Clusters/SmartEnergy/Source/PriceCommandGetConversionFactor.c
../../../Binaries/PulsesSensor_OM15082/obj/PriceCommandGetCurrentPrice.o ../../../PulsesSensor/SDK_2_6_4_JN5189DK6/middleware/wireless/zigbee/ZCL/Clusters/SmartEnergy/Source/PriceCommandGetCurrentPrice.c
../../../Binaries/PulsesSensor_OM15082/obj/PriceCommandGetScheduledPrices.o ../../../PulsesSensor/SDK_2_6_4_JN5189DK6/middleware/wireless/zigbee/ZCL/Clusters/SmartEnergy/Source/PriceCommandGetScheduledPrices.c
../../../Binaries/PulsesSensor_OM15082/obj/PriceCommandPriceAck.o ../../../PulsesSensor/SDK_2_6_4_JN5189DK6/middleware/wireless/zigbee/ZCL/Clusters/SmartEnergy/Source/PriceCommandPriceAck.c
../../../Binaries/PulsesSensor_OM15082/obj/PriceCommandPublishBlockPeriod.o ../../../PulsesSensor/SDK_2_6_4_JN5189DK6/middleware/wireless/zigbee/ZCL/Clusters/SmartEnergy/Source/PriceCommandPublishBlockPeriod.c
../../../Binaries/PulsesSensor_OM15082/obj/PriceCommandPublishBlockPeriodReceive.o ../../../PulsesSensor/SDK_2_6_4_JN5189DK6/middleware/wireless/zigbee/ZCL/Clusters/SmartEnergy/Source/PriceCommandPublishBlockPeriodReceive.c
../../../Binaries/PulsesSensor_OM15082/obj/PriceCommandPublishCalorificValue.o ../../../PulsesSensor/SDK_2_6_4_JN5189DK6/middleware/wireless/zigbee/ZCL/Clusters/SmartEnergy/Source/PriceCommandPublishCalorificValue.c
../../../Binaries/PulsesSensor_OM15082/obj/PriceCommandPublishCalorificValueReceive.o ../../../PulsesSensor/SDK_2_6_4_JN5189DK6/middleware/wireless/zigbee/ZCL/Clusters/SmartEnergy/Source/PriceCommandPublishCalorificValueReceive.c
../../../Binaries/PulsesSensor_OM15082/obj/PriceCommandPublishConversionFactor.o ../../../PulsesSensor/SDK_2_6_4_JN5189DK6/middleware/wireless/zigbee/ZCL/Clusters/SmartEnergy/Source/PriceCommandPublishConversionFactor.c
../../../Binaries/PulsesSensor_OM15082/obj/PriceCommandPublishConversionFactorReceive.o ../../../PulsesSensor/SDK_2_6_4_JN5189DK6/middleware/wireless/zigbee/ZCL/Clusters/SmartEnergy/Source/PriceCommandPublishConversionFactorReceive.c
../../../Binaries/PulsesSensor_OM15082/obj/PriceCommandPublishPrice.o ../../../PulsesSensor/SDK_2_6_4_JN5189DK6/middleware/wireless/zigbee/ZCL/Clusters/SmartEnergy/Source/PriceCommandPublishPrice.c
../../../Binaries/PulsesSensor_OM15082/obj/PriceCommandPublishPriceReceive.o ../../../PulsesSensor/SDK_2_6_4_JN5189DK6/middleware/wireless/zigbee/ZCL/Clusters/SmartEnergy/Source/PriceCommandPublishPriceReceive.c
../../../Binaries/PulsesSensor_OM15082/obj/PriceConversionFactorTableManager.o ../../../PulsesSensor/SDK_2_6_4_JN5189DK6/middleware/wireless/zigbee/ZCL/Clusters/SmartEnergy/Source/PriceConversionFactorTableManager.c
../../../Binaries/PulsesSensor_OM15082/obj/PriceCustomCommandHandler.o ../../../PulsesSensor/SDK_2_6_4_JN5189DK6/middleware/wireless/zigbee/ZCL/Clusters/SmartEnergy/Source/PriceCustomCommandHandler.c
../../../Binaries/PulsesSensor_OM15082/obj/PriceCustomCommandResponses.o ../../../PulsesSensor/SDK_2_6_4_JN5189DK6/middleware/wireless/zigbee/ZCL/Clusters/SmartEnergy/Source/PriceCustomCommandResponses.c
../../../Binaries/PulsesSensor_OM15082/obj/PriceScheduler.o ../../../PulsesSensor/SDK_2_6_4_JN5189DK6/middleware/wireless/zigbee/ZCL/Clusters/SmartEnergy/Source/PriceScheduler.c
../../../Binaries/PulsesSensor_OM15082/obj/PriceServerAttributeManager.o ../../../PulsesSensor/SDK_2_6_4_JN5189DK6/middleware/wireless/zigbee/ZCL/Clusters/SmartEnergy/Source/PriceServerAttributeManager.c
../../../Binaries/PulsesSensor_OM15082/obj/PriceTableManager.o ../../../PulsesSensor/SDK_2_6_4_JN5189DK6/middleware/wireless/zigbee/ZCL/Clusters/SmartEnergy/Source/PriceTableManager.c
../../../Binaries/PulsesSensor_OM15082/obj/SimpleMetering.o ../../../PulsesSensor/SDK_2_6_4_JN5189DK6/middleware/wireless/zigbee/ZCL/Clusters/SmartEnergy/Source/SimpleMetering.c
../../../Binaries/PulsesSensor_OM15082/obj/SimpleMeteringCommandHandler.o ../../../PulsesSensor/SDK_2_6_4_JN5189DK6/middleware/wireless/zigbee/ZCL/Clusters/SmartEnergy/Source/SimpleMeteringCommandHandler.c
../../../Binaries/PulsesSensor_OM15082/obj/SimpleMetering_SendRequest.o ../../../PulsesSensor/SDK_2_6_4_JN5189DK6/middleware/wireless/zigbee/ZCL/Clusters/SmartEnergy/Source/SimpleMetering_SendRequest.c
../../../Binaries/PulsesSensor_OM15082/obj/smart_plug.o ../../../PulsesSensor/SDK_2_6_4_JN5189DK6/middleware/wireless/zigbee/ZCL/Devices/ZHA/SmartEnergy/Source/smart_plug.c
../../../Binaries/PulsesSensor_OM15082/obj/dlist.o ../../../PulsesSensor/SDK_2_6_4_JN5189DK6/middleware/wireless/zigbee/ZCIF/Source/dlist.c
../../../Binaries/PulsesSensor_OM15082/obj/zcl.o ../../../PulsesSensor/SDK_2_6_4_JN5189DK6/middleware/wireless/zigbee/ZCIF/Source/zcl.c
../../../Binaries/PulsesSensor_OM15082/obj/zcl_CustomCommandReceive.o ../../../PulsesSensor/SDK_2_6_4_JN5189DK6/middleware/wireless/zigbee/ZCIF/Source/zcl_CustomCommandReceive.c
../../../Binaries/PulsesSensor_OM15082/obj/zcl_CustomCommandSend.o ../../../PulsesSensor/SDK_2_6_4_JN5189DK6/middleware/wireless/zigbee/ZCIF/Source/zcl_CustomCommandSend.c
../../../Binaries/PulsesSensor_OM15082/obj/zcl_PDUbufferReadWrite.o ../../../PulsesSensor/SDK_2_6_4_JN5189DK6/middleware/wireless/zigbee/ZCIF/Source/zcl_PDUbufferReadWrite.c
../../../Binaries/PulsesSensor_OM15082/obj/zcl_PDUbufferReadWriteString.o ../../../PulsesSensor/SDK_2_6_4_JN5189DK6/middleware/wireless/zigbee/ZCIF/Source/zcl_PDUbufferReadWriteString.c
../../../Binaries/PulsesSensor_OM15082/obj/zcl_WriteAttributesRequestHandle.o ../../../PulsesSensor/SDK_2_6_4_JN5189DK6/middleware/wireless/zigbee/ZCIF/Source/zcl_WriteAttributesRequestHandle.c
../../../Binaries/PulsesSensor_OM15082/obj/zcl_WriteAttributesRequestSend.o ../../../PulsesSensor/SDK_2_6_4_JN5189DK6/middleware/wireless/zigbee/ZCIF/Source/zcl_WriteAttributesRequestSend.c
../../../Binaries/PulsesSensor_OM15082/obj/zcl_WriteAttributesResponseHandle.o ../../../PulsesSensor/SDK_2_6_4_JN5189DK6/middleware/wireless/zigbee/ZCIF/Source/zcl_WriteAttributesResponseHandle.c
../../../Binaries/PulsesSensor_OM15082/obj/zcl_attribute.o ../../../PulsesSensor/SDK_2_6_4_JN5189DK6/middleware/wireless/zigbee/ZCIF/Source/zcl_attribute.c
../../../Binaries/PulsesSensor_OM15082/obj/zcl_buffer.o ../../../PulsesSensor/SDK_2_6_4_JN5189DK6/middleware/wireless/zigbee/ZCIF/Source/zcl_buffer.c
../../../Binaries/PulsesSensor_OM15082/obj/zcl_clusterCommand.o ../../../PulsesSensor/SDK_2_6_4_JN5189DK6/middleware/wireless/zigbee/ZCIF/Source/zcl_clusterCommand.c
../../../Binaries/PulsesSensor_OM15082/obj/zcl_command.o ../../../PulsesSensor/SDK_2_6_4_JN5189DK6/middleware/wireless/zigbee/ZCIF/Source/zcl_command.c
../../../Binaries/PulsesSensor_OM15082/obj/zcl_common.o ../../../PulsesSensor/SDK_2_6_4_JN5189DK6/middleware/wireless/zigbee/ZCIF/Source/zcl_common.c
../../../Binaries/PulsesSensor_OM15082/obj/zcl_configureReportingCommandHandle.o ../../../PulsesSensor/SDK_2_6_4_JN5189DK6/middleware/wireless/zigbee/ZCIF/Source/zcl_configureReportingCommandHandle.c
../../../Binaries/PulsesSensor_OM15082/obj/zcl_configureReportingCommandSend.o ../../../PulsesSensor/SDK_2_6_4_JN5189DK6/middleware/wireless/zigbee/ZCIF/Source/zcl_configureReportingCommandSend.c
../../../Binaries/PulsesSensor_OM15082/obj/zcl_configureReportingResponseHandle.o ../../../PulsesSensor/SDK_2_6_4_JN5189DK6/middleware/wireless/zigbee/ZCIF/Source/zcl_configureReportingResponseHandle.c
../../../Binaries/PulsesSensor_OM15082/obj/zcl_defaultResponse.o ../../../PulsesSensor/SDK_2_6_4_JN5189DK6/middleware/wireless/zigbee/ZCIF/Source/zcl_defaultResponse.c
../../../Binaries/PulsesSensor_OM15082/obj/zcl_discoverAttributesExtendedRequestHandle.o ../../../PulsesSensor/SDK_2_6_4_JN5189DK6/middleware/wireless/zigbee/ZCIF/Source/zcl_discoverAttributesExtendedRequestHandle.c
../../../Binaries/PulsesSensor_OM15082/obj/zcl_discoverAttributesExtendedRequestSend.o ../../../PulsesSensor/SDK_2_6_4_JN5189DK6/middleware/wireless/zigbee/ZCIF/Source/zcl_discoverAttributesExtendedRequestSend.c
../../../Binaries/PulsesSensor_OM15082/obj/zcl_discoverAttributesExtendedResponseHandle.o ../../../PulsesSensor/SDK_2_6_4_JN5189DK6/middleware/wireless/zigbee/ZCIF/Source/zcl_discoverAttributesExtendedResponseHandle.c
../../../Binaries/PulsesSensor_OM15082/obj/zcl_discoverAttributesRequestHandle.o ../../../PulsesSensor/SDK_2_6_4_JN5189DK6/middleware/wireless/zigbee/ZCIF/Source/zcl_discoverAttributesRequestHandle.c
../../../Binaries/PulsesSensor_OM15082/obj/zcl_discoverAttributesRequestSend.o ../../../PulsesSensor/SDK_2_6_4_JN5189DK6/middleware/wireless/zigbee/ZCIF/Source/zcl_discoverAttributesRequestSend.c
../../../Binaries/PulsesSensor_OM15082/obj/zcl_discoverAttributesResponseHandle.o ../../../PulsesSensor/SDK_2_6_4_JN5189DK6/middleware/wireless/zigbee/ZCIF/Source/zcl_discoverAttributesResponseHandle.c
../../../Binaries/PulsesSensor_OM15082/obj/zcl_discoverCommandsRequestHandle.o ../../../PulsesSensor/SDK_2_6_4_JN5189DK6/middleware/wireless/zigbee/ZCIF/Source/zcl_discoverCommandsRequestHandle.c
../../../Binaries/PulsesSensor_OM15082/obj/zcl_discoverCommandsRequestSend.o ../../../PulsesSensor/SDK_2_6_4_JN5189DK6/middleware/wireless/zigbee/ZCIF/Source/zcl_discoverCommandsRequestSend.c
../../../Binaries/PulsesSensor_OM15082/obj/zcl_discoverCommandsResponseHandle.o ../../../PulsesSensor/SDK_2_6_4_JN5189DK6/middleware/wireless/zigbee/ZCIF/Source/zcl_discoverCommandsResponseHandle.c
../../../Binaries/PulsesSensor_OM15082/obj/zcl_event.o ../../../PulsesSensor/SDK_2_6_4_JN5189DK6/middleware/wireless/zigbee/ZCIF/Source/zcl_event.c
../../../Binaries/PulsesSensor_OM15082/obj/zcl_heap.o ../../../PulsesSensor/SDK_2_6_4_JN5189DK6/middleware/wireless/zigbee/ZCIF/Source/zcl_heap.c
../../../Binaries/PulsesSensor_OM15082/obj/zcl_library_options.o ../../../PulsesSensor/SDK_2_6_4_JN5189DK6/middleware/wireless/zigbee/ZCIF/Source/zcl_library_options.c
../../../Binaries/PulsesSensor_OM15082/obj/zcl_readAttributesRequestHandle.o ../../../PulsesSensor/SDK_2_6_4_JN5189DK6/middleware/wireless/zigbee/ZCIF/Source/zcl_readAttributesRequestHandle.c
../../../Binaries/PulsesSensor_OM15082/obj/zcl_readAttributesRequestSend.o ../../../PulsesSensor/SDK_2_6_4_JN5189DK6/middleware/wireless/zigbee/ZCIF/Source/zcl_readAttributesRequestSend.c
../../../Binaries/PulsesSensor_OM15082/obj/zcl_readAttributesResponseHandle.o ../../../PulsesSensor/SDK_2_6_4_JN5189DK6/middleware/wireless/zigbee/ZCIF/Source/zcl_readAttributesResponseHandle.c
../../../Binaries/PulsesSensor_OM15082/obj/zcl_readReportingConfigurationCommandHandle.o ../../../PulsesSensor/SDK_2_6_4_JN5189DK6/middleware/wireless/zigbee/ZCIF/Source/zcl_readReportingConfigurationCommandHandle.c
../../../Binaries/PulsesSensor_OM15082/obj/zcl_readReportingConfigurationCommandSend.o ../../../PulsesSensor/SDK_2_6_4_JN5189DK6/middleware/wireless/zigbee/ZCIF/Source/zcl_readReportingConfigurationCommandSend.c
../../../Binaries/PulsesSensor_OM15082/obj/zcl_readReportingConfigurationResponseHandle.o ../../../PulsesSensor/SDK_2_6_4_JN5189DK6/middleware/wireless/zigbee/ZCIF/Source/zcl_readReportingConfigurationResponseHandle.c
../../../Binaries/PulsesSensor_OM15082/obj/zcl_reportManager.o ../../../PulsesSensor/SDK_2_6_4_JN5189DK6/middleware/wireless/zigbee/ZCIF/Source/zcl_reportManager.c
../../../Binaries/PulsesSensor_OM15082/obj/zcl_reportMaths.o ../../../PulsesSensor/SDK_2_6_4_JN5189DK6/middleware/wireless/zigbee/ZCIF/Source/zcl_reportMaths.c
../../../Binaries/PulsesSensor_OM15082/obj/zcl_reportScheduler.o ../../../PulsesSensor/SDK_2_6_4_JN5189DK6/middleware/wireless/zigbee/ZCIF/Source/zcl_reportScheduler.c
../../../Binaries/PulsesSensor_OM15082/obj/zcl_reportStringHandling.o ../../../PulsesSensor/SDK_2_6_4_JN5189DK6/middleware/wireless/zigbee/ZCIF/Source/zcl_reportStringHandling.c
../../../Binaries/PulsesSensor_OM15082/obj/zcl_reportStructure.o ../../../PulsesSensor/SDK_2_6_4_JN5189DK6/middleware/wireless/zigbee/ZCIF/Source/zcl_reportStructure.c
../../../Binaries/PulsesSensor_OM15082/obj/zcl_search.o ../../../PulsesSensor/SDK_2_6_4_JN5189DK6/middleware/wireless/zigbee/ZCIF/Source/zcl_search.c
../../../Binaries/PulsesSensor_OM15082/obj/zcl_timer.o ../../../PulsesSensor/SDK_2_6_4_JN5189DK6/middleware/wireless/zigbee/ZCIF/Source/zcl_timer.c
../../../Binaries/PulsesSensor_OM15082/obj/zcl_transmit.o ../../../PulsesSensor/SDK_2_6_4_JN5189DK6/middleware/wireless/zigbee/ZCIF/Source/zcl_transmit.c
../../../Binaries/PulsesSensor_OM15082/obj/bdb_fr.o ../../../PulsesSensor/SDK_2_6_4_JN5189DK6/middleware/wireless/zigbee/BDB/Source/Common/bdb_fr.c
../../../Binaries/PulsesSensor_OM15082/obj/bdb_start.o ../../../PulsesSensor/SDK_2_6_4_JN5189DK6/middleware/wireless/zigbee/BDB/Source/Common/bdb_start.c
../../../Binaries/PulsesSensor_OM15082/obj/bdb_state_machine.o ../../../PulsesSensor/SDK_2_6_4_JN5189DK6/middleware/wireless/zigbee/BDB/Source/Common/bdb_state_machine.c
../../../Binaries/PulsesSensor_OM15082/obj/bdb_ns.o ../../../PulsesSensor/SDK_2_6_4_JN5189DK6/middleware/wireless/zigbee/BDB/Source/NwkSteering/bdb_ns.c
../../../Binaries/PulsesSensor_OM15082/obj/bdb_fb_common.o ../../../PulsesSensor/SDK_2_6_4_JN5189DK6/middleware/wireless/zigbee/BDB/Source/FindAndBind/bdb_fb_common.c
../../../Binaries/PulsesSensor_OM15082/obj/bdb_fb_initiator.o ../../../PulsesSensor/SDK_2_6_4_JN5189DK6/middleware/wireless/zigbee/BDB/Source/FindAndBind/bdb_fb_initiator.c
../../../Binaries/PulsesSensor_OM15082/obj/pdum_gen.o ../../../PulsesSensor/Source/pdum_gen.c
../../../Binaries/PulsesSensor_OM15082/obj/pdum_apdu.o ../../../PulsesSensor/Source/pdum_apdu.S
../../../Binaries/PulsesSensor_OM15082/obj/zps_gen.o ../../../PulsesSensor/Source/zps_gen.c
../../../Binaries/PulsesSensor_OM15082/obj/app_sleep_handler.o ../../../PulsesSensor/Source/app_sleep_handler.c
../../../Binaries/PulsesSensor_OM15082/obj/pdum_gen.o ../../../PulsesSensor/Source/pdum_gen.c
../../../Binaries/PulsesSensor_OM15082/obj/pdum_apdu.o ../../../PulsesSensor/Source/pdum_apdu.S
../../../Binaries/PulsesSensor_OM15082/obj/zps_gen.o ../../../PulsesSensor/Source/zps_gen.c
../../../Binaries/PulsesSensor_OM15082/obj/app_pulses_buttons.o ../../../PulsesSensor/Source/app_pulses_buttons.c
../../../Binaries/PulsesSensor_OM15082/obj/pdum_gen.o ../../../PulsesSensor/Source/pdum_gen.c
../../../Binaries/PulsesSensor_OM15082/obj/zps_gen.o ../../../PulsesSensor/Source/zps_gen.c
../../../Binaries/PulsesSensor_OM15082/obj/pin_mux.o ../../../Common/Source/board/pin_mux.c
../../../Binaries/PulsesSensor_OM15082/obj/pdum_gen.o ../../../PulsesSensor/Source/pdum_gen.c
../../../Binaries/PulsesSensor_OM15082/obj/zps_gen.o ../../../PulsesSensor/Source/zps_gen.c
../../../Binaries/PulsesSensor_OM15082/obj/app_pulses_buttons.o ../../../PulsesSensor/Source/app_pulses_buttons.c
../../../Binaries/PulsesSensor_OM15082/obj/pdum_gen.o ../../../PulsesSensor/Source/pdum_gen.c
../../../Binaries/PulsesSensor_OM15082/obj/pdum_apdu.o ../../../PulsesSensor/Source/pdum_apdu.S
../../../Binaries/PulsesSensor_OM15082/obj/zps_gen.o ../../../PulsesSensor/Source/zps_gen.c
../../../Binaries/PulsesSensor_OM15082/obj/pdum_gen.o ../../../PulsesSensor/Source/pdum_gen.c
../../../Binaries/PulsesSensor_OM15082/obj/zps_gen.o ../../../PulsesSensor/Source/zps_gen.c
../../../Binaries/PulsesSensor_OM15082/obj/app_sleep_handler.o ../../../PulsesSensor/Source/app_sleep_handler.c
../../../Binaries/PulsesSensor_OM15082/obj/pdum_gen.o ../../../PulsesSensor/Source/pdum_gen.c
../../../Binaries/PulsesSensor_OM15082/obj/pdum_apdu.o ../../../PulsesSensor/Source/pdum_apdu.S
../../../Binaries/PulsesSensor_OM15082/obj/zps_gen.o ../../../PulsesSensor/Source/zps_gen.c
../../../Binaries/PulsesSensor_OM15082/obj/app_pulses_buttons.o ../../../PulsesSensor/Source/app_pulses_buttons.c
../../../Binaries/PulsesSensor_OM15082/obj/pdum_gen.o ../../../PulsesSensor/Source/pdum_gen.c
../../../Binaries/PulsesSensor_OM15082/obj/pdum_apdu.o ../../../PulsesSensor/Source/pdum_apdu.S
../../../Binaries/PulsesSensor_OM15082/obj/zps_gen.o ../../../PulsesSensor/Source/zps_gen.c
../../../Binaries/PulsesSensor_OM15082/obj/app_pulses_buttons.o ../../../PulsesSensor/Source/app_pulses_buttons.c
../../../Binaries/PulsesSensor_OM15082/obj/pdum_gen.o ../../../PulsesSensor/Source/pdum_gen.c
../../../Binaries/PulsesSensor_OM15082/obj/zps_gen.o ../../../PulsesSensor/Source/zps_gen.c
../../../Binaries/PulsesSensor_OM15082/obj/app_pulses_buttons.o ../../../PulsesSensor/Source/app_pulses_buttons.c
../../../Binaries/PulsesSensor_OM15082/obj/pdum_gen.o ../../../PulsesSensor/Source/pdum_gen.c
../../../Binaries/PulsesSensor_OM15082/obj/pdum_apdu.o ../../../PulsesSensor/Source/pdum_apdu.S
../../../Binaries/PulsesSensor_OM15082/obj/zps_gen.o ../../../PulsesSensor/Source/zps_gen.c
../../../Binaries/PulsesSensor_OM15082/obj/app_pulses_buttons.o ../../../PulsesSensor/Source/app_pulses_buttons.c
../../../Binaries/PulsesSensor_OM15082/obj/pdum_gen.o ../../../PulsesSensor/Source/pdum_gen.c
../../../Binaries/PulsesSensor_OM15082/obj/zps_gen.o ../../../PulsesSensor/Source/zps_gen.c
../../../Binaries/PulsesSensor_OM15082/obj/app_pulses_buttons.o ../../../PulsesSensor/Source/app_pulses_buttons.c
../../../Binaries/PulsesSensor_OM15082/obj/pdum_gen.o ../../../PulsesSensor/Source/pdum_gen.c
../../../Binaries/PulsesSensor_OM15082/obj/pdum_apdu.o ../../../PulsesSensor/Source/pdum_apdu.S
../../../Binaries/PulsesSensor_OM15082/obj/zps_gen.o ../../../PulsesSensor/Source/zps_gen.c
../../../Binaries/PulsesSensor_OM15082/obj/app_pulses_buttons.o ../../../PulsesSensor/Source/app_pulses_buttons.c
../../../Binaries/PulsesSensor_OM15082/obj/pdum_gen.o ../../../PulsesSensor/Source/pdum_gen.c
../../../Binaries/PulsesSensor_OM15082/obj/pdum_apdu.o ../../../PulsesSensor/Source/pdum_apdu.S
../../../Binaries/PulsesSensor_OM15082/obj/zps_gen.o ../../../PulsesSensor/Source/zps_gen.c
../../../Binaries/PulsesSensor_OM15082/obj/app_pulses_buttons.o ../../../PulsesSensor/Source/app_pulses_buttons.c
../../../Binaries/PulsesSensor_OM15082/obj/pdum_gen.o ../../../PulsesSensor/Source/pdum_gen.c
../../../Binaries/PulsesSensor_OM15082/obj/zps_gen.o ../../../PulsesSensor/Source/zps_gen.c
../../../Binaries/PulsesSensor_OM15082/obj/pdum_gen.o ../../../PulsesSensor/Source/pdum_gen.c
../../../Binaries/PulsesSensor_OM15082/obj/pdum_apdu.o ../../../PulsesSensor/Source/pdum_apdu.S
../../../Binaries/PulsesSensor_OM15082/obj/zps_gen.o ../../../PulsesSensor/Source/zps_gen.c
../../../Binaries/PulsesSensor_OM15082/obj/app_pulses_buttons.o ../../../PulsesSensor/Source/app_pulses_buttons.c
../../../Binaries/PulsesSensor_OM15082/obj/pdum_gen.o ../../../PulsesSensor/Source/pdum_gen.c
../../../Binaries/PulsesSensor_OM15082/obj/pdum_apdu.o ../../../PulsesSensor/Source/pdum_apdu.S
../../../Binaries/PulsesSensor_OM15082/obj/zps_gen.o ../../../PulsesSensor/Source/zps_gen.c
../../../Binaries/PulsesSensor_OM15082/obj/app_pulses_buttons.o ../../../PulsesSensor/Source/app_pulses_buttons.c
../../../Binaries/PulsesSensor_OM15082/obj/pdum_gen.o ../../../PulsesSensor/Source/pdum_gen.c
../../../Binaries/PulsesSensor_OM15082/obj/zps_gen.o ../../../PulsesSensor/Source/zps_gen.c
../../../Binaries/PulsesSensor_OM15082/obj/app_pulses_buttons.o ../../../PulsesSensor/Source/app_pulses_buttons.c
../../../Binaries/PulsesSensor_OM15082/obj/pdum_gen.o ../../../PulsesSensor/Source/pdum_gen.c
../../../Binaries/PulsesSensor_OM15082/obj/pdum_apdu.o ../../../PulsesSensor/Source/pdum_apdu.S
../../../Binaries/PulsesSensor_OM15082/obj/zps_gen.o ../../../PulsesSensor/Source/zps_gen.c
../../../Binaries/PulsesSensor_OM15082/obj/app_pulses_buttons.o ../../../PulsesSensor/Source/app_pulses_buttons.c
../../../Binaries/PulsesSensor_OM15082/obj/pdum_gen.o ../../../PulsesSensor/Source/pdum_gen.c
../../../Binaries/PulsesSensor_OM15082/obj/pdum_apdu.o ../../../PulsesSensor/Source/pdum_apdu.S
../../../Binaries/PulsesSensor_OM15082/obj/zps_gen.o ../../../PulsesSensor/Source/zps_gen.c
../../../Binaries/PulsesSensor_OM15082/obj/pdum_gen.o ../../../PulsesSensor/Source/pdum_gen.c
../../../Binaries/PulsesSensor_OM15082/obj/pdum_apdu.o ../../../PulsesSensor/Source/pdum_apdu.S
../../../Binaries/PulsesSensor_OM15082/obj/zps_gen.o ../../../PulsesSensor/Source/zps_gen.c
../../../Binaries/PulsesSensor_OM15082/obj/app_pulses_buttons.o ../../../PulsesSensor/Source/app_pulses_buttons.c
../../../Binaries/PulsesSensor_OM15082/obj/pdum_gen.o ../../../PulsesSensor/Source/pdum_gen.c
../../../Binaries/PulsesSensor_OM15082/obj/pdum_apdu.o ../../../PulsesSensor/Source/pdum_apdu.S
../../../Binaries/PulsesSensor_OM15082/obj/zps_gen.o ../../../PulsesSensor/Source/zps_gen.c
../../../Binaries/PulsesSensor_OM15082/obj/app_sleep_handler.o ../../../PulsesSensor/Source/app_sleep_handler.c
../../../Binaries/PulsesSensor_OM15082/obj/pdum_gen.o ../../../PulsesSensor/Source/pdum_gen.c
../../../Binaries/PulsesSensor_OM15082/obj/pdum_apdu.o ../../../PulsesSensor/Source/pdum_apdu.S
../../../Binaries/PulsesSensor_OM15082/obj/zps_gen.o ../../../PulsesSensor/Source/zps_gen.c
../../../Binaries/PulsesSensor_OM15082/obj/app_sleep_handler.o ../../../PulsesSensor/Source/app_sleep_handler.c
../../../Binaries/PulsesSensor_OM15082/obj/pdum_gen.o ../../../PulsesSensor/Source/pdum_gen.c
../../../Binaries/PulsesSensor_OM15082/obj/zps_gen.o ../../../PulsesSensor/Source/zps_gen.c
../../../Binaries/PulsesSensor_OM15082/obj/app_pulses_buttons.o ../../../PulsesSensor/Source/app_pulses_buttons.c
../../../Binaries/PulsesSensor_OM15082/obj/pdum_gen.o ../../../PulsesSensor/Source/pdum_gen.c
../../../Binaries/PulsesSensor_OM15082/obj/pdum_apdu.o ../../../PulsesSensor/Source/pdum_apdu.S
../../../Binaries/PulsesSensor_OM15082/obj/zps_gen.o ../../../PulsesSensor/Source/zps_gen.c
../../../Binaries/PulsesSensor_OM15082/obj/app_pulses_buttons.o ../../../PulsesSensor/Source/app_pulses_buttons.c
../../../Binaries/PulsesSensor_OM15082/obj/app_sleep_handler.o ../../../PulsesSensor/Source/app_sleep_handler.c
../../../Binaries/PulsesSensor_OM15082/obj/pdum_gen.o ../../../PulsesSensor/Source/pdum_gen.c
../../../Binaries/PulsesSensor_OM15082/obj/pdum_apdu.o ../../../PulsesSensor/Source/pdum_apdu.S
../../../Binaries/PulsesSensor_OM15082/obj/zps_gen.o ../../../PulsesSensor/Source/zps_gen.c
../../../Binaries/PulsesSensor_OM15082/obj/app_pulses_buttons.o ../../../PulsesSensor/Source/app_pulses_buttons.c
../../../Binaries/PulsesSensor_OM15082/obj/pdum_gen.o ../../../PulsesSensor/Source/pdum_gen.c
../../../Binaries/PulsesSensor_OM15082/obj/pdum_apdu.o ../../../PulsesSensor/Source/pdum_apdu.S
../../../Binaries/PulsesSensor_OM15082/obj/zps_gen.o ../../../PulsesSensor/Source/zps_gen.c
../../../Binaries/PulsesSensor_OM15082/obj/app_pulses_buttons.o ../../../PulsesSensor/Source/app_pulses_buttons.c
../../../Binaries/PulsesSensor_OM15082/obj/pdum_gen.o ../../../PulsesSensor/Source/pdum_gen.c
../../../Binaries/PulsesSensor_OM15082/obj/pdum_apdu.o ../../../PulsesSensor/Source/pdum_apdu.S
../../../Binaries/PulsesSensor_OM15082/obj/zps_gen.o ../../../PulsesSensor/Source/zps_gen.c
../../../Binaries/PulsesSensor_OM15082/obj/app_pulses_buttons.o ../../../PulsesSensor/Source/app_pulses_buttons.c
../../../Binaries/PulsesSensor_OM15082/obj/pdum_gen.o ../../../PulsesSensor/Source/pdum_gen.c
../../../Binaries/PulsesSensor_OM15082/obj/zps_gen.o ../../../PulsesSensor/Source/zps_gen.c
../../../Binaries/PulsesSensor_OM15082/obj/app_pulses_buttons.o ../../../PulsesSensor/Source/app_pulses_buttons.c
../../../Binaries/PulsesSensor_OM15082/obj/pdum_gen.o ../../../PulsesSensor/Source/pdum_gen.c
../../../Binaries/PulsesSensor_OM15082/obj/pdum_apdu.o ../../../PulsesSensor/Source/pdum_apdu.S
../../../Binaries/PulsesSensor_OM15082/obj/zps_gen.o ../../../PulsesSensor/Source/zps_gen.c
../../../Binaries/PulsesSensor_OM15082/obj/app_pulses_events.o ../../../PulsesSensor/Source/app_pulses_events.c
../../../Binaries/PulsesSensor_OM15082/obj/pdum_gen.o ../../../PulsesSensor/Source/pdum_gen.c
../../../Binaries/PulsesSensor_OM15082/obj/zps_gen.o ../../../PulsesSensor/Source/zps_gen.c
../../../Binaries/PulsesSensor_OM15082/obj/app_pulses_events.o ../../../PulsesSensor/Source/app_pulses_events.c
../../../Binaries/PulsesSensor_OM15082/obj/pdum_gen.o ../../../PulsesSensor/Source/pdum_gen.c
../../../Binaries/PulsesSensor_OM15082/obj/zps_gen.o ../../../PulsesSensor/Source/zps_gen.c
../../../Binaries/PulsesSensor_OM15082/obj/pdum_gen.o ../../../PulsesSensor/Source/pdum_gen.c
../../../Binaries/PulsesSensor_OM15082/obj/pdum_apdu.o ../../../PulsesSensor/Source/pdum_apdu.S
../../../Binaries/PulsesSensor_OM15082/obj/zps_gen.o ../../../PulsesSensor/Source/zps_gen.c
../../../Binaries/PulsesSensor_OM15082/obj/App_PulsesSensor.o ../../../PulsesSensor/Source/App_PulsesSensor.c
../../../Binaries/PulsesSensor_OM15082/obj/pdum_gen.o ../../../PulsesSensor/Source/pdum_gen.c
../../../Binaries/PulsesSensor_OM15082/obj/pdum_apdu.o ../../../PulsesSensor/Source/pdum_apdu.S
../../../Binaries/PulsesSensor_OM15082/obj/zps_gen.o ../../../PulsesSensor/Source/zps_gen.c
../../../Binaries/PulsesSensor_OM15082/obj/App_PulsesSensor.o ../../../PulsesSensor/Source/App_PulsesSensor.c
../../../Binaries/PulsesSensor_OM15082/obj/app_zcl_sensor_task.o ../../../PulsesSensor/Source/app_zcl_sensor_task.c
../../../Binaries/PulsesSensor_OM15082/obj/app_sleep_handler.o ../../../PulsesSensor/Source/app_sleep_handler.c
../../../Binaries/PulsesSensor_OM15082/obj/pdum_gen.o ../../../PulsesSensor/Source/pdum_gen.c
../../../Binaries/PulsesSensor_OM15082/obj/zps_gen.o ../../../PulsesSensor/Source/zps_gen.c
../../../Binaries/PulsesSensor_OM15082/obj/app_zcl_sensor_task.o ../../../PulsesSensor/Source/app_zcl_sensor_task.c
../../../Binaries/PulsesSensor_OM15082/obj/pdum_gen.o ../../../PulsesSensor/Source/pdum_gen.c
../../../Binaries/PulsesSensor_OM15082/obj/pdum_apdu.o ../../../PulsesSensor/Source/pdum_apdu.S
../../../Binaries/PulsesSensor_OM15082/obj/zps_gen.o ../../../PulsesSensor/Source/zps_gen.c
../../../Binaries/PulsesSensor_OM15082/obj/app_zcl_sensor_task.o ../../../PulsesSensor/Source/app_zcl_sensor_task.c
../../../Binaries/PulsesSensor_OM15082/obj/pdum_gen.o ../../../PulsesSensor/Source/pdum_gen.c
../../../Binaries/PulsesSensor_OM15082/obj/pdum_apdu.o ../../../PulsesSensor/Source/pdum_apdu.S
../../../Binaries/PulsesSensor_OM15082/obj/zps_gen.o ../../../PulsesSensor/Source/zps_gen.c
../../../Binaries/PulsesSensor_OM15082/obj/app_zcl_sensor_task.o ../../../PulsesSensor/Source/app_zcl_sensor_task.c
../../../Binaries/PulsesSensor_OM15082/obj/pdum_gen.o ../../../PulsesSensor/Source/pdum_gen.c
../../../Binaries/PulsesSensor_OM15082/obj/pdum_apdu.o ../../../PulsesSensor/Source/pdum_apdu.S
../../../Binaries/PulsesSensor_OM15082/obj/zps_gen.o ../../../PulsesSensor/Source/zps_gen.c
../../../Binaries/PulsesSensor_OM15082/obj/app_zcl_sensor_task.o ../../../PulsesSensor/Source/app_zcl_sensor_task.c
../../../Binaries/PulsesSensor_OM15082/obj/pdum_gen.o ../../../PulsesSensor/Source/pdum_gen.c
../../../Binaries/PulsesSensor_OM15082/obj/pdum_apdu.o ../../../PulsesSensor/Source/pdum_apdu.S
../../../Binaries/PulsesSensor_OM15082/obj/zps_gen.o ../../../PulsesSensor/Source/zps_gen.c
../../../Binaries/PulsesSensor_OM15082/obj/app_sleep_handler.o ../../../PulsesSensor/Source/app_sleep_handler.c
../../../Binaries/PulsesSensor_OM15082/obj/pdum_gen.o ../../../PulsesSensor/Source/pdum_gen.c
../../../Binaries/PulsesSensor_OM15082/obj/zps_gen.o ../../../PulsesSensor/Source/zps_gen.c
../../../Binaries/PulsesSensor_OM15082/obj/app_sleep_handler.o ../../../PulsesSensor/Source/app_sleep_handler.c
../../../Binaries/PulsesSensor_OM15082/obj/pdum_gen.o ../../../PulsesSensor/Source/pdum_gen.c
../../../Binaries/PulsesSensor_OM15082/obj/pdum_apdu.o ../../../PulsesSensor/Source/pdum_apdu.S
../../../Binaries/PulsesSensor_OM15082/obj/zps_gen.o ../../../PulsesSensor/Source/zps_gen.c
../../../Binaries/PulsesSensor_OM15082/obj/app_sleep_handler.o ../../../PulsesSensor/Source/app_sleep_handler.c
../../../Binaries/PulsesSensor_OM15082/obj/app_event_handler.o ../../../PulsesSensor/Source/app_event_handler.c
../../../Binaries/PulsesSensor_OM15082/obj/pdum_gen.o ../../../PulsesSensor/Source/pdum_gen.c
../../../Binaries/PulsesSensor_OM15082/obj/pdum_apdu.o ../../../PulsesSensor/Source/pdum_apdu.S
../../../Binaries/PulsesSensor_OM15082/obj/zps_gen.o ../../../PulsesSensor/Source/zps_gen.c
../../../Binaries/PulsesSensor_OM15082/obj/app_sleep_handler.o ../../../PulsesSensor/Source/app_sleep_handler.c
../../../Binaries/PulsesSensor_OM15082/obj/pdum_gen.o ../../../PulsesSensor/Source/pdum_gen.c
../../../Binaries/PulsesSensor_OM15082/obj/zps_gen.o ../../../PulsesSensor/Source/zps_gen.c
../../../Binaries/PulsesSensor_OM15082/obj/app_sleep_handler.o ../../../PulsesSensor/Source/app_sleep_handler.c
../../../Binaries/PulsesSensor_OM15082/obj/pdum_gen.o ../../../PulsesSensor/Source/pdum_gen.c
../../../Binaries/PulsesSensor_OM15082/obj/zps_gen.o ../../../PulsesSensor/Source/zps_gen.c
../../../Binaries/PulsesSensor_OM15082/obj/app_sleep_handler.o ../../../PulsesSensor/Source/app_sleep_handler.c
../../../Binaries/PulsesSensor_OM15082/obj/pdum_gen.o ../../../PulsesSensor/Source/pdum_gen.c
../../../Binaries/PulsesSensor_OM15082/obj/pdum_apdu.o ../../../PulsesSensor/Source/pdum_apdu.S
../../../Binaries/PulsesSensor_OM15082/obj/zps_gen.o ../../../PulsesSensor/Source/zps_gen.c
../../../Binaries/PulsesSensor_OM15082/obj/app_pulses_events.o ../../../PulsesSensor/Source/app_pulses_events.c
../../../Binaries/PulsesSensor_OM15082/obj/pdum_gen.o ../../../PulsesSensor/Source/pdum_gen.c
../../../Binaries/PulsesSensor_OM15082/obj/zps_gen.o ../../../PulsesSensor/Source/zps_gen.c
../../../Binaries/PulsesSensor_OM15082/obj/App_PulsesSensor.o ../../../PulsesSensor/Source/App_PulsesSensor.c
../../../Binaries/PulsesSensor_OM15082/obj/pdum_gen.o ../../../PulsesSensor/Source/pdum_gen.c
../../../Binaries/PulsesSensor_OM15082/obj/pdum_apdu.o ../../../PulsesSensor/Source/pdum_apdu.S
../../../Binaries/PulsesSensor_OM15082/obj/zps_gen.o ../../../PulsesSensor/Source/zps_gen.c
../../../Binaries/PulsesSensor_OM15082/obj/app_pulses_buttons.o ../../../PulsesSensor/Source/app_pulses_buttons.c
../../../Binaries/PulsesSensor_OM15082/obj/pdum_gen.o ../../../PulsesSensor/Source/pdum_gen.c
../../../Binaries/PulsesSensor_OM15082/obj/zps_gen.o ../../../PulsesSensor/Source/zps_gen.c
../../../Binaries/PulsesSensor_OM15082/obj/app_pulses_buttons.o ../../../PulsesSensor/Source/app_pulses_buttons.c
../../../Binaries/PulsesSensor_OM15082/obj/pdum_gen.o ../../../PulsesSensor/Source/pdum_gen.c
../../../Binaries/PulsesSensor_OM15082/obj/zps_gen.o ../../../PulsesSensor/Source/zps_gen.c
../../../Binaries/PulsesSensor_OM15082/obj/app_pulses_buttons.o ../../../PulsesSensor/Source/app_pulses_buttons.c
../../../Binaries/PulsesSensor_OM15082/obj/pdum_gen.o ../../../PulsesSensor/Source/pdum_gen.c
../../../Binaries/PulsesSensor_OM15082/obj/zps_gen.o ../../../PulsesSensor/Source/zps_gen.c
../../../Binaries/PulsesSensor_OM15082/obj/app_pulses_buttons.o ../../../PulsesSensor/Source/app_pulses_buttons.c
../../../Binaries/PulsesSensor_OM15082/obj/pdum_gen.o ../../../PulsesSensor/Source/pdum_gen.c
../../../Binaries/PulsesSensor_OM15082/obj/pdum_apdu.o ../../../PulsesSensor/Source/pdum_apdu.S
../../../Binaries/PulsesSensor_OM15082/obj/zps_gen.o ../../../PulsesSensor/Source/zps_gen.c
../../../Binaries/PulsesSensor_OM15082/obj/app_pulses_buttons.o ../../../PulsesSensor/Source/app_pulses_buttons.c
../../../Binaries/PulsesSensor_OM15082/obj/pdum_gen.o ../../../PulsesSensor/Source/pdum_gen.c
../../../Binaries/PulsesSensor_OM15082/obj/zps_gen.o ../../../PulsesSensor/Source/zps_gen.c
../../../Binaries/PulsesSensor_OM15082/obj/app_pulses_buttons.o ../../../PulsesSensor/Source/app_pulses_buttons.c
../../../Binaries/PulsesSensor_OM15082/obj/pdum_gen.o ../../../PulsesSensor/Source/pdum_gen.c
../../../Binaries/PulsesSensor_OM15082/obj/pdum_apdu.o ../../../PulsesSensor/Source/pdum_apdu.S
../../../Binaries/PulsesSensor_OM15082/obj/zps_gen.o ../../../PulsesSensor/Source/zps_gen.c
../../../Binaries/PulsesSensor_OM15082/obj/app_pulses_buttons.o ../../../PulsesSensor/Source/app_pulses_buttons.c
../../../Binaries/PulsesSensor_OM15082/obj/pdum_gen.o ../../../PulsesSensor/Source/pdum_gen.c
../../../Binaries/PulsesSensor_OM15082/obj/zps_gen.o ../../../PulsesSensor/Source/zps_gen.c
../../../Binaries/PulsesSensor_OM15082/obj/app_pulses_buttons.o ../../../PulsesSensor/Source/app_pulses_buttons.c
../../../Binaries/PulsesSensor_OM15082/obj/pdum_gen.o ../../../PulsesSensor/Source/pdum_gen.c
../../../Binaries/PulsesSensor_OM15082/obj/zps_gen.o ../../../PulsesSensor/Source/zps_gen.c
../../../Binaries/PulsesSensor_OM15082/obj/app_pulses_buttons.o ../../../PulsesSensor/Source/app_pulses_buttons.c
../../../Binaries/PulsesSensor_OM15082/obj/pdum_gen.o ../../../PulsesSensor/Source/pdum_gen.c
../../../Binaries/PulsesSensor_OM15082/obj/zps_gen.o ../../../PulsesSensor/Source/zps_gen.c
../../../Binaries/PulsesSensor_OM15082/obj/App_PulsesSensor.o ../../../PulsesSensor/Source/App_PulsesSensor.c
../../../Binaries/PulsesSensor_OM15082/obj/app_pulses_buttons.o ../../../PulsesSensor/Source/app_pulses_buttons.c
../../../Binaries/PulsesSensor_OM15082/obj/pdum_gen.o ../../../PulsesSensor/Source/pdum_gen.c
../../../Binaries/PulsesSensor_OM15082/obj/pdum_apdu.o ../../../PulsesSensor/Source/pdum_apdu.S
../../../Binaries/PulsesSensor_OM15082/obj/zps_gen.o ../../../PulsesSensor/Source/zps_gen.c
../../../Binaries/PulsesSensor_OM15082/obj/app_pulses_buttons.o ../../../PulsesSensor/Source/app_pulses_buttons.c
../../../Binaries/PulsesSensor_OM15082/obj/pdum_gen.o ../../../PulsesSensor/Source/pdum_gen.c
../../../Binaries/PulsesSensor_OM15082/obj/zps_gen.o ../../../PulsesSensor/Source/zps_gen.c
../../../Binaries/PulsesSensor_OM15082/obj/app_pulses_buttons.o ../../../PulsesSensor/Source/app_pulses_buttons.c
../../../Binaries/PulsesSensor_OM15082/obj/pdum_gen.o ../../../PulsesSensor/Source/pdum_gen.c
../../../Binaries/PulsesSensor_OM15082/obj/zps_gen.o ../../../PulsesSensor/Source/zps_gen.c
../../../Binaries/PulsesSensor_OM15082/obj/app_pulses_buttons.o ../../../PulsesSensor/Source/app_pulses_buttons.c
../../../Binaries/PulsesSensor_OM15082/obj/pdum_gen.o ../../../PulsesSensor/Source/pdum_gen.c
../../../Binaries/PulsesSensor_OM15082/obj/zps_gen.o ../../../PulsesSensor/Source/zps_gen.c
../../../Binaries/PulsesSensor_OM15082/obj/app_event_handler.o ../../../PulsesSensor/Source/app_event_handler.c
../../../Binaries/PulsesSensor_OM15082/obj/pdum_gen.o ../../../PulsesSensor/Source/pdum_gen.c
../../../Binaries/PulsesSensor_OM15082/obj/zps_gen.o ../../../PulsesSensor/Source/zps_gen.c
../../../Binaries/PulsesSensor_OM15082/obj/app_event_handler.o ../../../PulsesSensor/Source/app_event_handler.c
../../../Binaries/PulsesSensor_OM15082/obj/app_pulses_events.o ../../../PulsesSensor/Source/app_pulses_events.c
../../../Binaries/PulsesSensor_OM15082/obj/pdum_gen.o ../../../PulsesSensor/Source/pdum_gen.c
../../../Binaries/PulsesSensor_OM15082/obj/zps_gen.o ../../../PulsesSensor/Source/zps_gen.c
../../../Binaries/PulsesSensor_OM15082/obj/app_event_handler.o ../../../PulsesSensor/Source/app_event_handler.c
../../../Binaries/PulsesSensor_OM15082/obj/pdum_gen.o ../../../PulsesSensor/Source/pdum_gen.c
../../../Binaries/PulsesSensor_OM15082/obj/zps_gen.o ../../../PulsesSensor/Source/zps_gen.c
../../../Binaries/PulsesSensor_OM15082/obj/app_event_handler.o ../../../PulsesSensor/Source/app_event_handler.c
../../../Binaries/PulsesSensor_OM15082/obj/pdum_gen.o ../../../PulsesSensor/Source/pdum_gen.c
../../../Binaries/PulsesSensor_OM15082/obj/pdum_apdu.o ../../../PulsesSensor/Source/pdum_apdu.S
../../../Binaries/PulsesSensor_OM15082/obj/zps_gen.o ../../../PulsesSensor/Source/zps_gen.c
../../../Binaries/PulsesSensor_OM15082/obj/App_PulsesSensor.o ../../../PulsesSensor/Source/App_PulsesSensor.c
../../../Binaries/PulsesSensor_OM15082/obj/pdum_gen.o ../../../PulsesSensor/Source/pdum_gen.c
../../../Binaries/PulsesSensor_OM15082/obj/zps_gen.o ../../../PulsesSensor/Source/zps_gen.c
../../../Binaries/PulsesSensor_OM15082/obj/pin_mux.o ../../../Common/Source/board/pin_mux.c
../../../Binaries/PulsesSensor_OM15082/obj/pdum_gen.o ../../../PulsesSensor/Source/pdum_gen.c
../../../Binaries/PulsesSensor_OM15082/obj/zps_gen.o ../../../PulsesSensor/Source/zps_gen.c
../../../Binaries/PulsesSensor_OM15082/obj/pdum_gen.o ../../../PulsesSensor/Source/pdum_gen.c
../../../Binaries/PulsesSensor_OM15082/obj/zps_gen.o ../../../PulsesSensor/Source/zps_gen.c
